<?xml version="1.0" encoding="UTF-8"?>
<!-- Generated by org.testng.reporters.JUnitReportReporter -->
<testsuite skipped="0" hostname="VURAM-2017-0192" name="com.vuram.automation.Businessflows.test1" tests="1" failures="0" timestamp="30 Nov 2020 05:41:34 GMT" time="33.185" errors="0">
  <testcase name="CreateRequest" time="33.185" classname="com.vuram.automation.Businessflows.test1"/>
</testsuite> <!-- com.vuram.automation.Businessflows.test1 -->
