<?xml version="1.0" encoding="UTF-8"?>
<!-- Generated by org.testng.reporters.JUnitReportReporter -->
<testsuite skipped="0" hostname="VURAM-2017-0192" name="com.vuram.automation.Businessflows.test" tests="1" failures="0" timestamp="28 Oct 2020 15:41:14 GMT" time="322.910" errors="0">
  <testcase name="createorder" time="322.910" classname="com.vuram.automation.Businessflows.test"/>
</testsuite> <!-- com.vuram.automation.Businessflows.test -->
