<?xml version="1.0" encoding="UTF-8"?>
<!-- Generated by org.testng.reporters.JUnitReportReporter -->
<testsuite skipped="0" hostname="VURAM-2017-0192" name="com.vuram.automation.Businessflows.DSAR_FullFlow" tests="1" failures="0" timestamp="17 Dec 2020 09:47:05 GMT" time="105.344" errors="0">
  <testcase name="dsarFullFlow" time="105.344" classname="com.vuram.automation.Businessflows.DSAR_FullFlow"/>
</testsuite> <!-- com.vuram.automation.Businessflows.DSAR_FullFlow -->
