<?xml version="1.0" encoding="UTF-8"?>
<!-- Generated by org.testng.reporters.JUnitReportReporter -->
<testsuite skipped="0" hostname="VURAM-2017-0192" name="com.vuram.automation.Businessflows.dispute" tests="1" failures="0" timestamp="08 Dec 2020 07:39:14 GMT" time="38.695" errors="0">
  <testcase name="CreateRequest" time="38.695" classname="com.vuram.automation.Businessflows.dispute"/>
</testsuite> <!-- com.vuram.automation.Businessflows.dispute -->
