<?xml version="1.0" encoding="UTF-8"?>
<!-- Generated by org.testng.reporters.JUnitReportReporter -->
<testsuite skipped="0" hostname="vuram-2019-0046" name="com.vuram.automation.Businessflows.RaiseExpenseRequest" tests="1" failures="0" timestamp="13 Jan 2022 10:27:55 GMT" time="80.506" errors="0">
  <testcase name="RaiseRequest" time="80.506" classname="com.vuram.automation.Businessflows.RaiseExpenseRequest"/>
</testsuite> <!-- com.vuram.automation.Businessflows.RaiseExpenseRequest -->
